<?xml version="1.0" encoding="UTF-8"?>
<testsuite name="com.aurora.music.data.ProcessingPresetBundleTest" tests="17" skipped="0" failures="0" errors="0" timestamp="2026-09-10T21:55:52" hostname="DESKTOP-A95H910" time="0.349">
  <properties/>
  <testcase name="presetWithoutIrUsesOnlyManifestAndCallerRetainsStreamOwnership" classname="com.aurora.music.data.ProcessingPresetBundleTest" time="0.013"/>
  <testcase name="truncatedAndNonZipFilesAreRejected" classname="com.aurora.music.data.ProcessingPresetBundleTest" time="0.012"/>
  <testcase name="oversizedAdvertisedIrSizeIsRejectedBeforeExtraction" classname="com.aurora.music.data.ProcessingPresetBundleTest" time="0.011"/>
  <testcase name="graphConvolutionRequiresItsSharedAssetEvenWhenLegacyConvolutionIsOff" classname="com.aurora.music.data.ProcessingPresetBundleTest" time="0.013"/>
  <testcase name="ambiguousAndDeepJsonAreRejectedBeforeSettingsConstruction" classname="com.aurora.music.data.ProcessingPresetBundleTest" time="0.017"/>
  <testcase name="traversalAbsolutePathsAndExtraEntriesAreRejectedWithoutExtraction" classname="com.aurora.music.data.ProcessingPresetBundleTest" time="0.031"/>
  <testcase name="metadataExpansionAndInvalidUtf8AreRejected" classname="com.aurora.music.data.ProcessingPresetBundleTest" time="0.01"/>
  <testcase name="malformedWavCannotBeExportedOrImportedEvenWithMatchingChecksum" classname="com.aurora.music.data.ProcessingPresetBundleTest" time="0.078"/>
  <testcase name="corruptOrUnavailableSourceIrCannotBeExported" classname="com.aurora.music.data.ProcessingPresetBundleTest" time="0.008"/>
  <testcase name="duplicateZipEntriesAreRejected" classname="com.aurora.music.data.ProcessingPresetBundleTest" time="0.005"/>
  <testcase name="floatWavRejectsNonFiniteSamples" classname="com.aurora.music.data.ProcessingPresetBundleTest" time="0.006"/>
  <testcase name="aMalformedRackRejectsTheWholePortablePreset" classname="com.aurora.music.data.ProcessingPresetBundleTest" time="0.016"/>
  <testcase name="completeSnapshotAndIrRoundTripWithoutPrivatePathsOrOriginalIdentity" classname="com.aurora.music.data.ProcessingPresetBundleTest" time="0.017"/>
  <testcase name="missingOrUnexpectedIrRejectsTheWholeImport" classname="com.aurora.music.data.ProcessingPresetBundleTest" time="0.016"/>
  <testcase name="versionOneBundlesMigrateTheirSnapshotWithoutEnablingAGraph" classname="com.aurora.music.data.ProcessingPresetBundleTest" time="0.005"/>
  <testcase name="unsupportedVersionsIncompleteSettingsAndExtraFieldsAreRejected" classname="com.aurora.music.data.ProcessingPresetBundleTest" time="0.04"/>
  <testcase name="irChecksumMismatchIsRejectedAndStagingIsRemoved" classname="com.aurora.music.data.ProcessingPresetBundleTest" time="0.049"/>
  <system-out><![CDATA[]]></system-out>
  <system-err><![CDATA[]]></system-err>
</testsuite>
