<?xml version="1.0" encoding="UTF-8"?>
<testsuite name="com.aurora.music.playback.OutputTrackEvidenceTest" tests="4" skipped="0" failures="0" errors="0" timestamp="2026-09-10T21:55:57" hostname="DESKTOP-A95H910" time="0.003">
  <properties/>
  <testcase name="releasingCurrentDoesNotResurrectAnOlderPendingRelease" classname="com.aurora.music.playback.OutputTrackEvidenceTest" time="0.002"/>
  <testcase name="lateReleaseOfPreviousFormatDoesNotEraseReplacement" classname="com.aurora.music.playback.OutputTrackEvidenceTest" time="0.001"/>
  <testcase name="unknownReleaseCannotEraseTheCurrentObservation" classname="com.aurora.music.playback.OutputTrackEvidenceTest" time="0.0"/>
  <testcase name="identicalFormatsStillHaveDistinctLifetimes" classname="com.aurora.music.playback.OutputTrackEvidenceTest" time="0.0"/>
  <system-out><![CDATA[]]></system-out>
  <system-err><![CDATA[]]></system-err>
</testsuite>
