<?xml version="1.0" encoding="UTF-8"?>
<testsuite name="com.aurora.music.data.RackEqTextCodecTest" tests="15" skipped="0" failures="0" errors="0" timestamp="2026-09-10T21:55:53" hostname="DESKTOP-A95H910" time="0.059">
  <properties/>
  <testcase name="inputByteLineLengthAndLineCountBoundsApplyBeforeParsing" classname="com.aurora.music.data.RackEqTextCodecTest" time="0.033"/>
  <testcase name="totalBandCapacityIncludesBypassedEqAndLegacyNodes" classname="com.aurora.music.data.RackEqTextCodecTest" time="0.0"/>
  <testcase name="duplicateAndMalformedPreampsAreRejectedRatherThanOverwrittenOrSummedLossily" classname="com.aurora.music.data.RackEqTextCodecTest" time="0.001"/>
  <testcase name="encodingAndAppendingRejectInvalidDirectProfilesWithoutClamping" classname="com.aurora.music.data.RackEqTextCodecTest" time="0.001"/>
  <testcase name="unsupportedActiveCommandsRejectTheWholeProfileAtTheirLine" classname="com.aurora.music.data.RackEqTextCodecTest" time="0.001"/>
  <testcase name="unsupportedFilterMathAndMalformedTailsAreNeverPartiallyImported" classname="com.aurora.music.data.RackEqTextCodecTest" time="0.001"/>
  <testcase name="nodeCapacityIsCheckedForTheCompleteImportBeforeReturningANewGraph" classname="com.aurora.music.data.RackEqTextCodecTest" time="0.002"/>
  <testcase name="appendedSnapshotsDetachMutableListsAndKeepStableUniqueIds" classname="com.aurora.music.data.RackEqTextCodecTest" time="0.004"/>
  <testcase name="everyAcceptedFloatRoundTripsWithoutLocaleDependentFormatting" classname="com.aurora.music.data.RackEqTextCodecTest" time="0.001"/>
  <testcase name="sixtyFourActiveBandsAndPreampSurviveTextAndRackRoundTrip" classname="com.aurora.music.data.RackEqTextCodecTest" time="0.005"/>
  <testcase name="malformedNonFiniteUnderflowAndOutOfRangeNumbersFailWithLineNumbers" classname="com.aurora.music.data.RackEqTextCodecTest" time="0.008"/>
  <testcase name="preampIsOptionalButEmptyAndCommentOnlyDocumentsFail" classname="com.aurora.music.data.RackEqTextCodecTest" time="0.0"/>
  <testcase name="parsesCanonicalSubsetWithCommentsBomCrLfCaseAndOptionalLabels" classname="com.aurora.music.data.RackEqTextCodecTest" time="0.001"/>
  <testcase name="offRowsAreExplicitlyRejectedInsteadOfLosingDisabledMetadata" classname="com.aurora.music.data.RackEqTextCodecTest" time="0.0"/>
  <testcase name="appendPreservesExistingGraphAndEnabledStateAndAddsOnlyRequiredNodes" classname="com.aurora.music.data.RackEqTextCodecTest" time="0.001"/>
  <system-out><![CDATA[]]></system-out>
  <system-err><![CDATA[]]></system-err>
</testsuite>
