<?xml version="1.0" encoding="UTF-8"?>
<testsuite name="com.aurora.music.data.BackupArchiveTest" tests="16" skipped="0" failures="0" errors="0" timestamp="2026-09-10T21:55:51" hostname="DESKTOP-A95H910" time="0.927">
  <properties/>
  <testcase name="legacyJsonDefaultsAreExplicitAndMalformedFieldsFailBeforeGson" classname="com.aurora.music.data.BackupArchiveTest" time="0.525"/>
  <testcase name="missingOrChangedDependenciesRejectTheWholeArchive" classname="com.aurora.music.data.BackupArchiveTest" time="0.053"/>
  <testcase name="invalidRackAndPresetDataCannotEnterBackupRestore" classname="com.aurora.music.data.BackupArchiveTest" time="0.005"/>
  <testcase name="activeDryRackOwnsConvolutionDespiteDormantGlobalEnableFlag" classname="com.aurora.music.data.BackupArchiveTest" time="0.085"/>
  <testcase name="centralDirectoryCrcMustMatchBothManifestAndImpulseBytes" classname="com.aurora.music.data.BackupArchiveTest" time="0.037"/>
  <testcase name="savedPresetRequiresCompletePathAndChecksumForItsActiveConvolver" classname="com.aurora.music.data.BackupArchiveTest" time="0.067"/>
  <testcase name="archiveIncludesSharedImpulseOnceAndRemapsEveryReference" classname="com.aurora.music.data.BackupArchiveTest" time="0.022"/>
  <testcase name="numericLexemesAreBoundedBeforeBigDecimalConstruction" classname="com.aurora.music.data.BackupArchiveTest" time="0.003"/>
  <testcase name="archiveKeepsMeasurementProjectsAndValidatesThemBeforeRestore" classname="com.aurora.music.data.BackupArchiveTest" time="0.049"/>
  <testcase name="actualEntrySizeMustMatchCentralDirectoryInBothDirections" classname="com.aurora.music.data.BackupArchiveTest" time="0.009"/>
  <testcase name="exportLeavesTheCallerOutputOpen" classname="com.aurora.music.data.BackupArchiveTest" time="0.007"/>
  <testcase name="sixtyFourBandRackSurvivesTheAppBackupEnvelope" classname="com.aurora.music.data.BackupArchiveTest" time="0.017"/>
  <testcase name="activeGlobalOrRackConvolutionRequiresTheSharedReference" classname="com.aurora.music.data.BackupArchiveTest" time="0.023"/>
  <testcase name="nestedLocalLibraryUsesStrictJsonAndUniquePlaylistIdentifiers" classname="com.aurora.music.data.BackupArchiveTest" time="0.006"/>
  <testcase name="duplicateZipEntryRejected" classname="com.aurora.music.data.BackupArchiveTest" time="0.003"/>
  <testcase name="traversalAndUnreferencedFilesAreRejected" classname="com.aurora.music.data.BackupArchiveTest" time="0.011"/>
  <system-out><![CDATA[]]></system-out>
  <system-err><![CDATA[]]></system-err>
</testsuite>
