<?xml version="1.0" encoding="UTF-8"?>
<testsuite name="com.aurora.music.data.tuning.MeasurementTextImporterTest" tests="11" skipped="0" failures="0" errors="0" timestamp="2026-09-10T21:55:53" hostname="DESKTOP-A95H910" time="0.383">
  <properties/>
  <testcase name="quotedCsvHeaderAndScientificNotationAreExplicitlySupported" classname="com.aurora.music.data.tuning.MeasurementTextImporterTest" time="0.001"/>
  <testcase name="malformedNonfiniteAndUnderflowNumbersAreRejectedWithLineNumbers" classname="com.aurora.music.data.tuning.MeasurementTextImporterTest" time="0.002"/>
  <testcase name="duplicateDescendingAndZeroFrequenciesAreNotReorderedOrAveraged" classname="com.aurora.music.data.tuning.MeasurementTextImporterTest" time="0.0"/>
  <testcase name="unsupportedUnitsAndMultipleMeasurementsAreRejected" classname="com.aurora.music.data.tuning.MeasurementTextImporterTest" time="0.002"/>
  <testcase name="mixedMissingAndExtraColumnsRejectTheWholeMeasurement" classname="com.aurora.music.data.tuning.MeasurementTextImporterTest" time="0.0"/>
  <testcase name="commaSemicolonTabAndSpaceDataRetainUnchangedNumericValues" classname="com.aurora.music.data.tuning.MeasurementTextImporterTest" time="0.002"/>
  <testcase name="unlabeledThirdColumnRequiresAnExplicitPhaseChoice" classname="com.aurora.music.data.tuning.MeasurementTextImporterTest" time="0.0"/>
  <testcase name="leftAndRightImportsRemainIndependentOnDifferentFrequencyGrids" classname="com.aurora.music.data.tuning.MeasurementTextImporterTest" time="0.001"/>
  <testcase name="rewHeaderRetainsExactRawSourceAndUnwrappedPhase" classname="com.aurora.music.data.tuning.MeasurementTextImporterTest" time="0.0"/>
  <testcase name="inputAndPointBudgetsRejectWithoutTruncation" classname="com.aurora.music.data.tuning.MeasurementTextImporterTest" time="0.373"/>
  <testcase name="emptyOrSinglePointInputsFailAndCommentsDoNotBecomeData" classname="com.aurora.music.data.tuning.MeasurementTextImporterTest" time="0.002"/>
  <system-out><![CDATA[]]></system-out>
  <system-err><![CDATA[]]></system-err>
</testsuite>
