<?xml version="1.0" encoding="UTF-8"?>
<testsuite name="com.aurora.music.playback.engine.EqResponseTest" tests="9" skipped="0" failures="0" errors="0" timestamp="2026-09-10T21:55:57" hostname="DESKTOP-A95H910" time="0.312">
  <properties/>
  <testcase name="channelResponseMatchesSelectedProcessingAndUnselectedDryChannel" classname="com.aurora.music.playback.engine.EqResponseTest" time="0.0"/>
  <testcase name="emptyBypassedAndFullyDryEqAreUnityAtEverySupportedReferenceRate" classname="com.aurora.music.playback.engine.EqResponseTest" time="0.006"/>
  <testcase name="logGridBoundsStayBelowNyquistAndInvalidDomainsAreRejected" classname="com.aurora.music.playback.engine.EqResponseTest" time="0.002"/>
  <testcase name="sixtyFourthBandAndWetMixHaveTheKnownCenterGain" classname="com.aurora.music.playback.engine.EqResponseTest" time="0.001"/>
  <testcase name="analyticDelayUnwrapAndDryMixGroupDelayHaveIndependentKnownAnswers" classname="com.aurora.music.playback.engine.EqResponseTest" time="0.0"/>
  <testcase name="aboveNyquistFiltersMatchThePlaybackBypassAtTheActualSampleRate" classname="com.aurora.music.playback.engine.EqResponseTest" time="0.001"/>
  <testcase name="responseMatchesDftAndTimeWeightedDerivativeOfTheProductionImpulse" classname="com.aurora.music.playback.engine.EqResponseTest" time="0.264"/>
  <testcase name="steppedSineSweepMatchesProductionAmplitudeAndPhaseIncludingWetMix" classname="com.aurora.music.playback.engine.EqResponseTest" time="0.038"/>
  <testcase name="zeroAndDeepNullResponsesExposeUndefinedPhaseWithoutInfinities" classname="com.aurora.music.playback.engine.EqResponseTest" time="0.0"/>
  <system-out><![CDATA[]]></system-out>
  <system-err><![CDATA[]]></system-err>
</testsuite>
