<?xml version="1.0" encoding="UTF-8"?>
<testsuite name="com.aurora.music.playback.engine.PrecisionConvolverTest" tests="10" skipped="0" failures="0" errors="0" timestamp="2026-09-10T21:55:57" hostname="DESKTOP-A95H910" time="0.202">
  <properties/>
  <testcase name="fftRoundTripRemainsBinary64AndRejectsAliasedBuffers" classname="com.aurora.music.playback.engine.PrecisionConvolverTest" time="0.014"/>
  <testcase name="stereoAsymmetricImpulseMatchesDirectConvolutionAcrossArbitrarySplits" classname="com.aurora.music.playback.engine.PrecisionConvolverTest" time="0.008"/>
  <testcase name="truncatedPartialEosReturnsExactlyInputFramesWithoutPaddedSilence" classname="com.aurora.music.playback.engine.PrecisionConvolverTest" time="0.0"/>
  <testcase name="resetClearsEveryPartitionHistoryAndAnIncompleteBlock" classname="com.aurora.music.playback.engine.PrecisionConvolverTest" time="0.0"/>
  <testcase name="outputBackpressureLeavesUnconsumedInputForTheCaller" classname="com.aurora.music.playback.engine.PrecisionConvolverTest" time="0.0"/>
  <testcase name="compiledImpulseOwnsItsCoefficientsAndRejectsInvalidLimits" classname="com.aurora.music.playback.engine.PrecisionConvolverTest" time="0.001"/>
  <testcase name="binary64RetainsQuietSamplesAndSubFloat32CoefficientDetail" classname="com.aurora.music.playback.engine.PrecisionConvolverTest" time="0.001"/>
  <testcase name="veryLargeInputCannotOverwritePendingFrames" classname="com.aurora.music.playback.engine.PrecisionConvolverTest" time="0.176"/>
  <testcase name="fullTailDrainsWhenInputEndedOnAnExactBlockBoundary" classname="com.aurora.music.playback.engine.PrecisionConvolverTest" time="0.001"/>
  <testcase name="emptyStreamHasNoTailAndNonFiniteInputBecomesSilence" classname="com.aurora.music.playback.engine.PrecisionConvolverTest" time="0.0"/>
  <system-out><![CDATA[]]></system-out>
  <system-err><![CDATA[]]></system-err>
</testsuite>
