<?xml version="1.0" encoding="UTF-8"?>
<testsuite name="com.aurora.music.playback.PrecisionBlockProcessorTest" tests="9" skipped="0" failures="0" errors="0" timestamp="2026-09-10T21:55:57" hostname="DESKTOP-A95H910" time="0.073">
  <properties/>
  <testcase name="disablingConvolutionPreservesPreviouslyAcceptedPartialAudio" classname="com.aurora.music.playback.PrecisionBlockProcessorTest" time="0.017"/>
  <testcase name="effectsAndConvolutionKeepQuietSamplesWithoutIntermediateQuantization" classname="com.aurora.music.playback.PrecisionBlockProcessorTest" time="0.018"/>
  <testcase name="oddInputSizesCrossConvolverBoundariesWithoutLossOrMetadataDrift" classname="com.aurora.music.playback.PrecisionBlockProcessorTest" time="0.015"/>
  <testcase name="bypassPreservesBinary64SamplesAndOutputIsTakenOnce" classname="com.aurora.music.playback.PrecisionBlockProcessorTest" time="0.001"/>
  <testcase name="latestImpulseRequestWinsAndAFormatChangeRepreparesItsRate" classname="com.aurora.music.playback.PrecisionBlockProcessorTest" time="0.012"/>
  <testcase name="replacingImpulseDrainsTheOldPartialBlockBeforeAcceptingNewInput" classname="com.aurora.music.playback.PrecisionBlockProcessorTest" time="0.004"/>
  <testcase name="aRejectedInputDoesNotAdvanceEffectsOrChangeCallerSamples" classname="com.aurora.music.playback.PrecisionBlockProcessorTest" time="0.001"/>
  <testcase name="seekClearsEffectsAndConvolutionHistoryWhileRetainingPreparedControls" classname="com.aurora.music.playback.PrecisionBlockProcessorTest" time="0.003"/>
  <testcase name="failedPreparationFallsBackToDryAudioAndExplainsTheFailure" classname="com.aurora.music.playback.PrecisionBlockProcessorTest" time="0.002"/>
  <system-out><![CDATA[]]></system-out>
  <system-err><![CDATA[]]></system-err>
</testsuite>
