<?xml version="1.0" encoding="UTF-8"?>
<testsuite name="com.aurora.music.data.tuning.TuningRackPlanTest" tests="5" skipped="0" failures="0" errors="0" timestamp="2026-09-10T21:55:55" hostname="DESKTOP-A95H910" time="0.079">
  <properties/>
  <testcase name="independentCorrectionUsesDistinctRoutesAndKeepsFinalLimiterLast" classname="com.aurora.music.data.tuning.TuningRackPlanTest" time="0.017"/>
  <testcase name="nodeAndBandCapacityFailuresLeaveTheOriginalGraphUnchanged" classname="com.aurora.music.data.tuning.TuningRackPlanTest" time="0.028"/>
  <testcase name="staleOrMissingFitsAreRefusedBeforeRackMutation" classname="com.aurora.music.data.tuning.TuningRackPlanTest" time="0.009"/>
  <testcase name="flatNoCorrectionFitDoesNotAddEmptyOrGainOnlyStages" classname="com.aurora.music.data.tuning.TuningRackPlanTest" time="0.006"/>
  <testcase name="explicitlyLinkedAverageAppliesOneBothChannelEqualizer" classname="com.aurora.music.data.tuning.TuningRackPlanTest" time="0.018"/>
  <system-out><![CDATA[]]></system-out>
  <system-err><![CDATA[]]></system-err>
</testsuite>
