<?xml version="1.0" encoding="UTF-8"?>
<testsuite name="com.aurora.music.playback.engine.PrecisionEffectsKernelTest" tests="16" skipped="0" failures="0" errors="0" timestamp="2026-09-09T20:13:00" hostname="DESKTOP-A95H910" time="0.128">
  <properties/>
  <testcase name="liveGainUpdatesSmoothAcrossBlockBoundariesAndResetStartsAtTheNewTarget" classname="com.aurora.music.playback.engine.PrecisionEffectsKernelTest" time="0.0"/>
  <testcase name="nonEqEffectsRemainWithinTheStrictLegacyFloatComparisonBound" classname="com.aurora.music.playback.engine.PrecisionEffectsKernelTest" time="0.036"/>
  <testcase name="gainBalanceTrimAndWidthPreserveTheirExistingOrder" classname="com.aurora.music.playback.engine.PrecisionEffectsKernelTest" time="0.0"/>
  <testcase name="channelDelaysAreIndependentAndUseLegacyIntegerFrameRounding" classname="com.aurora.music.playback.engine.PrecisionEffectsKernelTest" time="0.0"/>
  <testcase name="crossfeedIsDelayedFilteredAndCrossesToOnlyTheOppositeChannel" classname="com.aurora.music.playback.engine.PrecisionEffectsKernelTest" time="0.0"/>
  <testcase name="compressorLinksStereoAndUsesTheExistingAttackEnvelope" classname="com.aurora.music.playback.engine.PrecisionEffectsKernelTest" time="0.002"/>
  <testcase name="lowFrequencyBankAgreesWithIndependentTransposedDoubleRecurrence" classname="com.aurora.music.playback.engine.PrecisionEffectsKernelTest" time="0.025"/>
  <testcase name="limiterRetainsItsAttackAndReleaseRatherThanClaimingABrickWall" classname="com.aurora.music.playback.engine.PrecisionEffectsKernelTest" time="0.001"/>
  <testcase name="peakingAndShelvesHaveTheirAnalyticFrequencyResponsesInDouble" classname="com.aurora.music.playback.engine.PrecisionEffectsKernelTest" time="0.001"/>
  <testcase name="preparedBankMatchesLegacySlotOrderAndRemainsIndependentOfMutablePreferences" classname="com.aurora.music.playback.engine.PrecisionEffectsKernelTest" time="0.0"/>
  <testcase name="quietSamplesAndHeadroomAreNotQuantizedOrClippedInsideTheEffectsKernel" classname="com.aurora.music.playback.engine.PrecisionEffectsKernelTest" time="0.0"/>
  <testcase name="resetClearsAllFilterCrossfeedAndDelayHistories" classname="com.aurora.music.playback.engine.PrecisionEffectsKernelTest" time="0.001"/>
  <testcase name="saturationPreservesTheExistingAsymmetryAndDcComponent" classname="com.aurora.music.playback.engine.PrecisionEffectsKernelTest" time="0.0"/>
  <testcase name="fullEffectsStateIsExactlyInvariantToCallbackPartitioning" classname="com.aurora.music.playback.engine.PrecisionEffectsKernelTest" time="0.03"/>
  <testcase name="fullEffectsPortHasBoundedDifferenceFromLegacyFloat" classname="com.aurora.music.playback.engine.PrecisionEffectsKernelTest" time="0.031"/>
  <testcase name="returningAGraphicBandToZeroKeepsItsExistingRecursiveHistory" classname="com.aurora.music.playback.engine.PrecisionEffectsKernelTest" time="0.001"/>
  <system-out><![CDATA[]]></system-out>
  <system-err><![CDATA[]]></system-err>
</testsuite>
