<?xml version="1.0" encoding="UTF-8"?>
<testsuite name="com.aurora.music.data.ProcessingRackTest" tests="10" skipped="0" failures="0" errors="0" timestamp="2026-09-09T20:12:58" hostname="DESKTOP-A95H910" time="0.136">
  <properties/>
  <testcase name="recommendedGraphHasOneSharedConvolverAndAnActiveFinalLimiter" classname="com.aurora.music.data.ProcessingRackTest" time="0.0"/>
  <testcase name="invalidNumbersAndNodeLocalAssetPathsAreRejected" classname="com.aurora.music.data.ProcessingRackTest" time="0.002"/>
  <testcase name="graphRoundTripPreservesOrderIdsNamesBypassWetAndFullPayloads" classname="com.aurora.music.data.ProcessingRackTest" time="0.002"/>
  <testcase name="legacyMigrationPreservesEffectiveModeMonoAndConvolutionOrder" classname="com.aurora.music.data.ProcessingRackTest" time="0.001"/>
  <testcase name="duplicateFieldsIdentifiersAndUnknownSchemaOrKindsAreRejected" classname="com.aurora.music.data.ProcessingRackTest" time="0.009"/>
  <testcase name="versionOnePresetMigratesToDisabledLegacyGraphWithoutChangingGlobalFields" classname="com.aurora.music.data.ProcessingRackTest" time="0.003"/>
  <testcase name="presetGraphIsStrictAndUnknownEnvelopeFieldsDoNotSilentlyDisappear" classname="com.aurora.music.data.ProcessingRackTest" time="0.01"/>
  <testcase name="nullableEnvelopeNeverDefaultsMissingOrNullFields" classname="com.aurora.music.data.ProcessingRackTest" time="0.108"/>
  <testcase name="validatingAControlSnapshotDetachesMutableCallerLists" classname="com.aurora.music.data.ProcessingRackTest" time="0.0"/>
  <testcase name="nodeCountConvolutionCountAndParametricBudgetsAreEnforcedBeforePlayback" classname="com.aurora.music.data.ProcessingRackTest" time="0.001"/>
  <system-out><![CDATA[]]></system-out>
  <system-err><![CDATA[]]></system-err>
</testsuite>
