<?xml version="1.0" encoding="UTF-8"?>
<testsuite name="com.aurora.music.playback.PcmLevelMeterTest" tests="7" skipped="0" failures="0" errors="0" timestamp="2026-09-09T20:12:59" hostname="DESKTOP-A95H910" time="0.003">
  <properties/>
  <testcase name="integerAndFloatFullScaleBoundariesUseLittleEndian" classname="com.aurora.music.playback.PcmLevelMeterTest" time="0.002"/>
  <testcase name="stereoSineHasIndependentPeakAndRmsWithoutChangingTheBuffer" classname="com.aurora.music.playback.PcmLevelMeterTest" time="0.0"/>
  <testcase name="stereoCountersCountSamplesAndAccumulateAcrossWindows" classname="com.aurora.music.playback.PcmLevelMeterTest" time="0.0"/>
  <testcase name="invalidFloatSamplesAreCountedWithoutPoisoningLevels" classname="com.aurora.music.playback.PcmLevelMeterTest" time="0.0"/>
  <testcase name="unsupportedFormatsAndIncompleteFramesHaveNoMeasurement" classname="com.aurora.music.playback.PcmLevelMeterTest" time="0.0"/>
  <testcase name="dcWindowsWaitUntilCompleteAndDoNotCarryOldPeaks" classname="com.aurora.music.playback.PcmLevelMeterTest" time="0.0"/>
  <testcase name="resetAndReconfigureDiscardCompletedAndPartialWindows" classname="com.aurora.music.playback.PcmLevelMeterTest" time="0.0"/>
  <system-out><![CDATA[]]></system-out>
  <system-err><![CDATA[]]></system-err>
</testsuite>
