<?xml version="1.0" encoding="UTF-8"?>
<testsuite name="com.aurora.music.playback.engine.ProductionSerialRackTest" tests="11" skipped="0" failures="0" errors="0" timestamp="2026-09-09T20:35:30" hostname="DESKTOP-A95H910" time="0.17">
  <properties/>
  <testcase name="orderChangesNonlinearProcessingAndWetBypassDuplicateHaveIndependentMeaning" classname="com.aurora.music.playback.engine.ProductionSerialRackTest" time="0.002"/>
  <testcase name="convolutionInTheMiddleMixesCorrespondingDryFramesAndKeepsExactDuration" classname="com.aurora.music.playback.engine.ProductionSerialRackTest" time="0.004"/>
  <testcase name="finalLimiterActsAfterConvolutionWhenOrderedLast" classname="com.aurora.music.playback.engine.ProductionSerialRackTest" time="0.019"/>
  <testcase name="preparedGraphGainChangeCrossfadesRatherThanJumping" classname="com.aurora.music.playback.engine.ProductionSerialRackTest" time="0.004"/>
  <testcase name="precisionBlockProcessorReturnsToLegacyWhenRackIsDisabled" classname="com.aurora.music.playback.engine.ProductionSerialRackTest" time="0.001"/>
  <testcase name="missingImpulseIsReportedWithoutDisablingOtherRackNodes" classname="com.aurora.music.playback.engine.ProductionSerialRackTest" time="0.018"/>
  <testcase name="stableNodeHistorySurvivesAnEditAndSeekRemovesIt" classname="com.aurora.music.playback.engine.ProductionSerialRackTest" time="0.001"/>
  <testcase name="sixtyFourthPeakingBandIsAudibleAndTheSixtyFifthIsRejected" classname="com.aurora.music.playback.engine.ProductionSerialRackTest" time="0.038"/>
  <testcase name="firstLiveRackEnableDrainsLegacyPartialConvolutionWithoutCallingTrackEos" classname="com.aurora.music.playback.engine.ProductionSerialRackTest" time="0.013"/>
  <testcase name="irregularInputDoesNotDelayPreparedGraphEditsUntilACommonMultipleOfBlockSizes" classname="com.aurora.music.playback.engine.ProductionSerialRackTest" time="0.038"/>
  <testcase name="convolutionGraphSwapAlignsIrregularInputAndEosFrames" classname="com.aurora.music.playback.engine.ProductionSerialRackTest" time="0.031"/>
  <system-out><![CDATA[]]></system-out>
  <system-err><![CDATA[]]></system-err>
</testsuite>
