<?xml version="1.0" encoding="UTF-8"?>
<testsuite name="com.aurora.music.data.BackupArchiveTest" tests="15" skipped="0" failures="0" errors="0" timestamp="2026-09-09T20:35:24" hostname="DESKTOP-A95H910" time="0.708">
  <properties/>
  <testcase name="legacyJsonDefaultsAreExplicitAndMalformedFieldsFailBeforeGson" classname="com.aurora.music.data.BackupArchiveTest" time="0.232"/>
  <testcase name="missingOrChangedDependenciesRejectTheWholeArchive" classname="com.aurora.music.data.BackupArchiveTest" time="0.078"/>
  <testcase name="invalidRackAndPresetDataCannotEnterBackupRestore" classname="com.aurora.music.data.BackupArchiveTest" time="0.016"/>
  <testcase name="activeDryRackOwnsConvolutionDespiteDormantGlobalEnableFlag" classname="com.aurora.music.data.BackupArchiveTest" time="0.21"/>
  <testcase name="centralDirectoryCrcMustMatchBothManifestAndImpulseBytes" classname="com.aurora.music.data.BackupArchiveTest" time="0.009"/>
  <testcase name="savedPresetRequiresCompletePathAndChecksumForItsActiveConvolver" classname="com.aurora.music.data.BackupArchiveTest" time="0.045"/>
  <testcase name="archiveIncludesSharedImpulseOnceAndRemapsEveryReference" classname="com.aurora.music.data.BackupArchiveTest" time="0.014"/>
  <testcase name="numericLexemesAreBoundedBeforeBigDecimalConstruction" classname="com.aurora.music.data.BackupArchiveTest" time="0.002"/>
  <testcase name="actualEntrySizeMustMatchCentralDirectoryInBothDirections" classname="com.aurora.music.data.BackupArchiveTest" time="0.055"/>
  <testcase name="exportLeavesTheCallerOutputOpen" classname="com.aurora.music.data.BackupArchiveTest" time="0.002"/>
  <testcase name="sixtyFourBandRackSurvivesTheAppBackupEnvelope" classname="com.aurora.music.data.BackupArchiveTest" time="0.011"/>
  <testcase name="activeGlobalOrRackConvolutionRequiresTheSharedReference" classname="com.aurora.music.data.BackupArchiveTest" time="0.015"/>
  <testcase name="nestedLocalLibraryUsesStrictJsonAndUniquePlaylistIdentifiers" classname="com.aurora.music.data.BackupArchiveTest" time="0.004"/>
  <testcase name="duplicateZipEntryRejected" classname="com.aurora.music.data.BackupArchiveTest" time="0.005"/>
  <testcase name="traversalAndUnreferencedFilesAreRejected" classname="com.aurora.music.data.BackupArchiveTest" time="0.005"/>
  <system-out><![CDATA[]]></system-out>
  <system-err><![CDATA[]]></system-err>
</testsuite>
