<?xml version="1.0" encoding="UTF-8"?>
<testsuite name="com.aurora.music.playback.engine.EqResponseTest" tests="8" skipped="0" failures="0" errors="0" timestamp="2026-09-09T20:35:28" hostname="DESKTOP-A95H910" time="1.032">
  <properties/>
  <testcase name="emptyBypassedAndFullyDryEqAreUnityAtEverySupportedReferenceRate" classname="com.aurora.music.playback.engine.EqResponseTest" time="0.036"/>
  <testcase name="logGridBoundsStayBelowNyquistAndInvalidDomainsAreRejected" classname="com.aurora.music.playback.engine.EqResponseTest" time="0.003"/>
  <testcase name="sixtyFourthBandAndWetMixHaveTheKnownCenterGain" classname="com.aurora.music.playback.engine.EqResponseTest" time="0.002"/>
  <testcase name="analyticDelayUnwrapAndDryMixGroupDelayHaveIndependentKnownAnswers" classname="com.aurora.music.playback.engine.EqResponseTest" time="0.0"/>
  <testcase name="aboveNyquistFiltersMatchThePlaybackBypassAtTheActualSampleRate" classname="com.aurora.music.playback.engine.EqResponseTest" time="0.007"/>
  <testcase name="responseMatchesDftAndTimeWeightedDerivativeOfTheProductionImpulse" classname="com.aurora.music.playback.engine.EqResponseTest" time="0.757"/>
  <testcase name="steppedSineSweepMatchesProductionAmplitudeAndPhaseIncludingWetMix" classname="com.aurora.music.playback.engine.EqResponseTest" time="0.22"/>
  <testcase name="zeroAndDeepNullResponsesExposeUndefinedPhaseWithoutInfinities" classname="com.aurora.music.playback.engine.EqResponseTest" time="0.0"/>
  <system-out><![CDATA[]]></system-out>
  <system-err><![CDATA[]]></system-err>
</testsuite>
