<?xml version="1.0" encoding="UTF-8"?>
<testsuite name="com.aurora.music.playback.ImpulseResponseWavTest" tests="7" skipped="0" failures="0" errors="0" timestamp="2026-09-09T20:35:28" hostname="DESKTOP-A95H910" time="0.169">
  <properties/>
  <testcase name="decodedFrameLimitFailsBeforeLargeSampleAllocation" classname="com.aurora.music.playback.ImpulseResponseWavTest" time="0.043"/>
  <testcase name="floatArrayConstructorDefensivelyOwnsOriginalSamples" classname="com.aurora.music.playback.ImpulseResponseWavTest" time="0.006"/>
  <testcase name="extensiblePcm32RetainsQuietBitsAndValidatesItsSubformatGuid" classname="com.aurora.music.playback.ImpulseResponseWavTest" time="0.002"/>
  <testcase name="pcm32WavKeepsBitsBelowFloat32Resolution" classname="com.aurora.music.playback.ImpulseResponseWavTest" time="0.06"/>
  <testcase name="pcm24StereoAndMonoPcm8UseTheirActualSourcePrecision" classname="com.aurora.music.playback.ImpulseResponseWavTest" time="0.024"/>
  <testcase name="malformedChunkLengthsAlignmentAndCodecFailClosed" classname="com.aurora.music.playback.ImpulseResponseWavTest" time="0.019"/>
  <testcase name="floatWavRejectsNonFiniteSamplesAndPreservesFiniteValues" classname="com.aurora.music.playback.ImpulseResponseWavTest" time="0.015"/>
  <system-out><![CDATA[]]></system-out>
  <system-err><![CDATA[]]></system-err>
</testsuite>
