<?xml version="1.0" encoding="UTF-8"?>
<testsuite name="com.aurora.music.data.ProcessingPresetBundleTest" tests="14" skipped="0" failures="0" errors="0" timestamp="2026-09-08T20:26:06" hostname="DESKTOP-A95H910" time="0.384">
  <properties/>
  <testcase name="presetWithoutIrUsesOnlyManifestAndCallerRetainsStreamOwnership" classname="com.aurora.music.data.ProcessingPresetBundleTest" time="0.127"/>
  <testcase name="truncatedAndNonZipFilesAreRejected" classname="com.aurora.music.data.ProcessingPresetBundleTest" time="0.013"/>
  <testcase name="oversizedAdvertisedIrSizeIsRejectedBeforeExtraction" classname="com.aurora.music.data.ProcessingPresetBundleTest" time="0.017"/>
  <testcase name="ambiguousAndDeepJsonAreRejectedBeforeSettingsConstruction" classname="com.aurora.music.data.ProcessingPresetBundleTest" time="0.021"/>
  <testcase name="traversalAbsolutePathsAndExtraEntriesAreRejectedWithoutExtraction" classname="com.aurora.music.data.ProcessingPresetBundleTest" time="0.031"/>
  <testcase name="metadataExpansionAndInvalidUtf8AreRejected" classname="com.aurora.music.data.ProcessingPresetBundleTest" time="0.008"/>
  <testcase name="malformedWavCannotBeExportedOrImportedEvenWithMatchingChecksum" classname="com.aurora.music.data.ProcessingPresetBundleTest" time="0.09"/>
  <testcase name="corruptOrUnavailableSourceIrCannotBeExported" classname="com.aurora.music.data.ProcessingPresetBundleTest" time="0.003"/>
  <testcase name="duplicateZipEntriesAreRejected" classname="com.aurora.music.data.ProcessingPresetBundleTest" time="0.006"/>
  <testcase name="floatWavRejectsNonFiniteSamples" classname="com.aurora.music.data.ProcessingPresetBundleTest" time="0.007"/>
  <testcase name="completeSnapshotAndIrRoundTripWithoutPrivatePathsOrOriginalIdentity" classname="com.aurora.music.data.ProcessingPresetBundleTest" time="0.009"/>
  <testcase name="missingOrUnexpectedIrRejectsTheWholeImport" classname="com.aurora.music.data.ProcessingPresetBundleTest" time="0.013"/>
  <testcase name="unsupportedVersionsIncompleteSettingsAndExtraFieldsAreRejected" classname="com.aurora.music.data.ProcessingPresetBundleTest" time="0.03"/>
  <testcase name="irChecksumMismatchIsRejectedAndStagingIsRemoved" classname="com.aurora.music.data.ProcessingPresetBundleTest" time="0.006"/>
  <system-out><![CDATA[]]></system-out>
  <system-err><![CDATA[]]></system-err>
</testsuite>
