<?xml version="1.0" encoding="UTF-8"?>
<testsuite name="com.aurora.music.playback.engine.PrecisionEngineTest" tests="17" skipped="0" failures="0" errors="0" timestamp="2026-09-09T19:21:09" hostname="DESKTOP-A95H910" time="0.031">
  <properties/>
  <testcase name="stableBiquadImpulseMatchesAnalyticRecurrenceAndDoesNotLeakAcrossChannels" classname="com.aurora.music.playback.engine.PrecisionEngineTest" time="0.003"/>
  <testcase name="binary64SamplesAreNotNarrowedInsideTheRack" classname="com.aurora.music.playback.engine.PrecisionEngineTest" time="0.004"/>
  <testcase name="bypassedNodesLeaveSamplesUnchanged" classname="com.aurora.music.playback.engine.PrecisionEngineTest" time="0.0"/>
  <testcase name="quiet24BitStereoSurvivesMonoGainAndEq" classname="com.aurora.music.playback.engine.PrecisionEngineTest" time="0.0"/>
  <testcase name="explicitBypassPreservesAllBitsAndDoesNotDither" classname="com.aurora.music.playback.engine.PrecisionEngineTest" time="0.0"/>
  <testcase name="monoAndWetDryHaveDeterministicPerNodeStereoTaps" classname="com.aurora.music.playback.engine.PrecisionEngineTest" time="0.0"/>
  <testcase name="integerOutputQuantizesOnlyAtFinalBoundary" classname="com.aurora.music.playback.engine.PrecisionEngineTest" time="0.0"/>
  <testcase name="filterStateIsInvariantToAudioCallbackPartitioning" classname="com.aurora.music.playback.engine.PrecisionEngineTest" time="0.01"/>
  <testcase name="headroomIsNotClippedBetweenNodes" classname="com.aurora.music.playback.engine.PrecisionEngineTest" time="0.001"/>
  <testcase name="everyIntegerBoundaryRoundTripsExactlyIncludingLeastSignificantBits" classname="com.aurora.music.playback.engine.PrecisionEngineTest" time="0.003"/>
  <testcase name="smoothedGainUsesFramesNotInterleavedSamplesAndContinuesAcrossBlocks" classname="com.aurora.music.playback.engine.PrecisionEngineTest" time="0.0"/>
  <testcase name="compileCopiesCallerOwnedBandList" classname="com.aurora.music.playback.engine.PrecisionEngineTest" time="0.005"/>
  <testcase name="compileRejectsUnsupportedOrUnboundedSchedules" classname="com.aurora.music.playback.engine.PrecisionEngineTest" time="0.002"/>
  <testcase name="float32RoundTripPreservesFiniteDecoderValuesAndSignedZero" classname="com.aurora.music.playback.engine.PrecisionEngineTest" time="0.0"/>
  <testcase name="tpdfDitherIsDeterministicAndRemainsWithinOneLsbAtSilence" classname="com.aurora.music.playback.engine.PrecisionEngineTest" time="0.002"/>
  <testcase name="nonFiniteDecoderSamplesAreSanitizedBeforeRecursiveNodes" classname="com.aurora.music.playback.engine.PrecisionEngineTest" time="0.0"/>
  <testcase name="rejectedPcmBuffersDoNotConsumeAnyInput" classname="com.aurora.music.playback.engine.PrecisionEngineTest" time="0.0"/>
  <system-out><![CDATA[]]></system-out>
  <system-err><![CDATA[]]></system-err>
</testsuite>
