<?xml version="1.0" encoding="UTF-8"?>
<testsuite name="com.aurora.music.data.ProcessingPresetTest" tests="10" skipped="0" failures="0" errors="0" timestamp="2026-09-09T19:21:06" hostname="DESKTOP-A95H910" time="0.056">
  <properties/>
  <testcase name="roundTripPreservesEveryCurrentProcessingField" classname="com.aurora.music.data.ProcessingPresetTest" time="0.001"/>
  <testcase name="duplicateIdsAndUnsupportedStorageAreNotSilentlyDiscarded" classname="com.aurora.music.data.ProcessingPresetTest" time="0.004"/>
  <testcase name="missingEnvelopeFieldsNeverCreateGsonZeroDefaults" classname="com.aurora.music.data.ProcessingPresetTest" time="0.004"/>
  <testcase name="namesAreTrimmedAndBounded" classname="com.aurora.music.data.ProcessingPresetTest" time="0.001"/>
  <testcase name="malformedListsAndBandObjectsFailAsAWhole" classname="com.aurora.music.data.ProcessingPresetTest" time="0.002"/>
  <testcase name="noLibraryAndDefaultLibraryRoundTripWithoutChangingDefaults" classname="com.aurora.music.data.ProcessingPresetTest" time="0.001"/>
  <testcase name="invalidNumbersAndWrongJsonTypesAreRejected" classname="com.aurora.music.data.ProcessingPresetTest" time="0.003"/>
  <testcase name="playbackProjectionExcludesAccountLibraryAndNetworkChoices" classname="com.aurora.music.data.ProcessingPresetTest" time="0.003"/>
  <testcase name="missingOrNullAudioFieldsAreRejectedInsteadOfPartiallyApplied" classname="com.aurora.music.data.ProcessingPresetTest" time="0.034"/>
  <testcase name="futureVersionsAndFractionalVersionsAreRejected" classname="com.aurora.music.data.ProcessingPresetTest" time="0.003"/>
  <system-out><![CDATA[]]></system-out>
  <system-err><![CDATA[]]></system-err>
</testsuite>
