<?xml version="1.0" encoding="UTF-8"?>
<testsuite name="com.aurora.music.data.ProcessingPresetBundleTest" tests="14" skipped="0" failures="0" errors="0" timestamp="2026-09-09T19:21:06" hostname="DESKTOP-A95H910" time="0.413">
  <properties/>
  <testcase name="presetWithoutIrUsesOnlyManifestAndCallerRetainsStreamOwnership" classname="com.aurora.music.data.ProcessingPresetBundleTest" time="0.219"/>
  <testcase name="truncatedAndNonZipFilesAreRejected" classname="com.aurora.music.data.ProcessingPresetBundleTest" time="0.014"/>
  <testcase name="oversizedAdvertisedIrSizeIsRejectedBeforeExtraction" classname="com.aurora.music.data.ProcessingPresetBundleTest" time="0.015"/>
  <testcase name="ambiguousAndDeepJsonAreRejectedBeforeSettingsConstruction" classname="com.aurora.music.data.ProcessingPresetBundleTest" time="0.032"/>
  <testcase name="traversalAbsolutePathsAndExtraEntriesAreRejectedWithoutExtraction" classname="com.aurora.music.data.ProcessingPresetBundleTest" time="0.023"/>
  <testcase name="metadataExpansionAndInvalidUtf8AreRejected" classname="com.aurora.music.data.ProcessingPresetBundleTest" time="0.005"/>
  <testcase name="malformedWavCannotBeExportedOrImportedEvenWithMatchingChecksum" classname="com.aurora.music.data.ProcessingPresetBundleTest" time="0.037"/>
  <testcase name="corruptOrUnavailableSourceIrCannotBeExported" classname="com.aurora.music.data.ProcessingPresetBundleTest" time="0.003"/>
  <testcase name="duplicateZipEntriesAreRejected" classname="com.aurora.music.data.ProcessingPresetBundleTest" time="0.009"/>
  <testcase name="floatWavRejectsNonFiniteSamples" classname="com.aurora.music.data.ProcessingPresetBundleTest" time="0.003"/>
  <testcase name="completeSnapshotAndIrRoundTripWithoutPrivatePathsOrOriginalIdentity" classname="com.aurora.music.data.ProcessingPresetBundleTest" time="0.016"/>
  <testcase name="missingOrUnexpectedIrRejectsTheWholeImport" classname="com.aurora.music.data.ProcessingPresetBundleTest" time="0.012"/>
  <testcase name="unsupportedVersionsIncompleteSettingsAndExtraFieldsAreRejected" classname="com.aurora.music.data.ProcessingPresetBundleTest" time="0.018"/>
  <testcase name="irChecksumMismatchIsRejectedAndStagingIsRemoved" classname="com.aurora.music.data.ProcessingPresetBundleTest" time="0.005"/>
  <system-out><![CDATA[]]></system-out>
  <system-err><![CDATA[]]></system-err>
</testsuite>
