<?xml version="1.0" encoding="UTF-8"?>
<testsuite name="com.aurora.music.playback.PrecisionBlockProcessorTest" tests="9" skipped="0" failures="0" errors="0" timestamp="2026-09-09T19:34:18" hostname="DESKTOP-A95H910" time="0.063">
  <properties/>
  <testcase name="disablingConvolutionPreservesPreviouslyAcceptedPartialAudio" classname="com.aurora.music.playback.PrecisionBlockProcessorTest" time="0.015"/>
  <testcase name="effectsAndConvolutionKeepQuietSamplesWithoutIntermediateQuantization" classname="com.aurora.music.playback.PrecisionBlockProcessorTest" time="0.009"/>
  <testcase name="oddInputSizesCrossConvolverBoundariesWithoutLossOrMetadataDrift" classname="com.aurora.music.playback.PrecisionBlockProcessorTest" time="0.019"/>
  <testcase name="bypassPreservesBinary64SamplesAndOutputIsTakenOnce" classname="com.aurora.music.playback.PrecisionBlockProcessorTest" time="0.0"/>
  <testcase name="latestImpulseRequestWinsAndAFormatChangeRepreparesItsRate" classname="com.aurora.music.playback.PrecisionBlockProcessorTest" time="0.005"/>
  <testcase name="replacingImpulseDrainsTheOldPartialBlockBeforeAcceptingNewInput" classname="com.aurora.music.playback.PrecisionBlockProcessorTest" time="0.007"/>
  <testcase name="aRejectedInputDoesNotAdvanceEffectsOrChangeCallerSamples" classname="com.aurora.music.playback.PrecisionBlockProcessorTest" time="0.0"/>
  <testcase name="seekClearsEffectsAndConvolutionHistoryWhileRetainingPreparedControls" classname="com.aurora.music.playback.PrecisionBlockProcessorTest" time="0.007"/>
  <testcase name="failedPreparationFallsBackToDryAudioAndExplainsTheFailure" classname="com.aurora.music.playback.PrecisionBlockProcessorTest" time="0.001"/>
  <system-out><![CDATA[]]></system-out>
  <system-err><![CDATA[]]></system-err>
</testsuite>
