<?xml version="1.0" encoding="UTF-8"?>
<testsuite name="com.aurora.music.data.ProcessingPresetBundleTest" tests="14" skipped="0" failures="0" errors="0" timestamp="2026-09-09T19:34:16" hostname="DESKTOP-A95H910" time="0.44">
  <properties/>
  <testcase name="presetWithoutIrUsesOnlyManifestAndCallerRetainsStreamOwnership" classname="com.aurora.music.data.ProcessingPresetBundleTest" time="0.227"/>
  <testcase name="truncatedAndNonZipFilesAreRejected" classname="com.aurora.music.data.ProcessingPresetBundleTest" time="0.012"/>
  <testcase name="oversizedAdvertisedIrSizeIsRejectedBeforeExtraction" classname="com.aurora.music.data.ProcessingPresetBundleTest" time="0.04"/>
  <testcase name="ambiguousAndDeepJsonAreRejectedBeforeSettingsConstruction" classname="com.aurora.music.data.ProcessingPresetBundleTest" time="0.019"/>
  <testcase name="traversalAbsolutePathsAndExtraEntriesAreRejectedWithoutExtraction" classname="com.aurora.music.data.ProcessingPresetBundleTest" time="0.04"/>
  <testcase name="metadataExpansionAndInvalidUtf8AreRejected" classname="com.aurora.music.data.ProcessingPresetBundleTest" time="0.006"/>
  <testcase name="malformedWavCannotBeExportedOrImportedEvenWithMatchingChecksum" classname="com.aurora.music.data.ProcessingPresetBundleTest" time="0.034"/>
  <testcase name="corruptOrUnavailableSourceIrCannotBeExported" classname="com.aurora.music.data.ProcessingPresetBundleTest" time="0.004"/>
  <testcase name="duplicateZipEntriesAreRejected" classname="com.aurora.music.data.ProcessingPresetBundleTest" time="0.007"/>
  <testcase name="floatWavRejectsNonFiniteSamples" classname="com.aurora.music.data.ProcessingPresetBundleTest" time="0.005"/>
  <testcase name="completeSnapshotAndIrRoundTripWithoutPrivatePathsOrOriginalIdentity" classname="com.aurora.music.data.ProcessingPresetBundleTest" time="0.007"/>
  <testcase name="missingOrUnexpectedIrRejectsTheWholeImport" classname="com.aurora.music.data.ProcessingPresetBundleTest" time="0.012"/>
  <testcase name="unsupportedVersionsIncompleteSettingsAndExtraFieldsAreRejected" classname="com.aurora.music.data.ProcessingPresetBundleTest" time="0.02"/>
  <testcase name="irChecksumMismatchIsRejectedAndStagingIsRemoved" classname="com.aurora.music.data.ProcessingPresetBundleTest" time="0.005"/>
  <system-out><![CDATA[]]></system-out>
  <system-err><![CDATA[]]></system-err>
</testsuite>
