<?xml version="1.0" encoding="UTF-8"?>
<testsuite name="com.aurora.music.data.ProcessingPresetTest" tests="10" skipped="0" failures="0" errors="0" timestamp="2026-09-08T09:59:27" hostname="DESKTOP-A95H910" time="0.27">
  <properties/>
  <testcase name="roundTripPreservesEveryCurrentProcessingField" classname="com.aurora.music.data.ProcessingPresetTest" time="0.13"/>
  <testcase name="duplicateIdsAndUnsupportedStorageAreNotSilentlyDiscarded" classname="com.aurora.music.data.ProcessingPresetTest" time="0.011"/>
  <testcase name="missingEnvelopeFieldsNeverCreateGsonZeroDefaults" classname="com.aurora.music.data.ProcessingPresetTest" time="0.013"/>
  <testcase name="namesAreTrimmedAndBounded" classname="com.aurora.music.data.ProcessingPresetTest" time="0.0"/>
  <testcase name="malformedListsAndBandObjectsFailAsAWhole" classname="com.aurora.music.data.ProcessingPresetTest" time="0.002"/>
  <testcase name="noLibraryAndDefaultLibraryRoundTripWithoutChangingDefaults" classname="com.aurora.music.data.ProcessingPresetTest" time="0.001"/>
  <testcase name="invalidNumbersAndWrongJsonTypesAreRejected" classname="com.aurora.music.data.ProcessingPresetTest" time="0.006"/>
  <testcase name="playbackProjectionExcludesAccountLibraryAndNetworkChoices" classname="com.aurora.music.data.ProcessingPresetTest" time="0.003"/>
  <testcase name="missingOrNullAudioFieldsAreRejectedInsteadOfPartiallyApplied" classname="com.aurora.music.data.ProcessingPresetTest" time="0.101"/>
  <testcase name="futureVersionsAndFractionalVersionsAreRejected" classname="com.aurora.music.data.ProcessingPresetTest" time="0.002"/>
  <system-out><![CDATA[]]></system-out>
  <system-err><![CDATA[]]></system-err>
</testsuite>
