<?xml version="1.0" encoding="UTF-8"?>
<testsuite name="com.aurora.music.data.SignalPathTest" tests="11" skipped="0" failures="0" errors="0" timestamp="2026-09-08T09:59:27" hostname="DESKTOP-A95H910" time="0.041">
  <properties/>
  <testcase name="pcm16DoesNotBypassProcessorsWhenFloatPreferenceIsEnabled" classname="com.aurora.music.data.SignalPathTest" time="0.003"/>
  <testcase name="configuredButBypassedDspDoesNotClaimToModifyAudio" classname="com.aurora.music.data.SignalPathTest" time="0.027"/>
  <testcase name="outputRateDepthAndChannelChangesAreReported" classname="com.aurora.music.data.SignalPathTest" time="0.001"/>
  <testcase name="appliedSampleChangesInvalidateAnyOutputGrant" classname="com.aurora.music.data.SignalPathTest" time="0.001"/>
  <testcase name="missingOutputMeasurementsAreNotCopiedFromDecoder" classname="com.aurora.music.data.SignalPathTest" time="0.001"/>
  <testcase name="staleLocalFieldsCannotSurviveCastMixOrIdle" classname="com.aurora.music.data.SignalPathTest" time="0.001"/>
  <testcase name="customDspOwnsMonoEvenWhenTheSeparateMonoProcessorIsDisabled" classname="com.aurora.music.data.SignalPathTest" time="0.001"/>
  <testcase name="diagnosticsNameEvidenceBoundariesAndKeepUnknowns" classname="com.aurora.music.data.SignalPathTest" time="0.001"/>
  <testcase name="decodedUsbAndNativeTailRemainQualified" classname="com.aurora.music.data.SignalPathTest" time="0.0"/>
  <testcase name="nativeTransportDoesNotDependOnAndroidMixerGrant" classname="com.aurora.music.data.SignalPathTest" time="0.0"/>
  <testcase name="grantWithWrongFormatCannotClaimPreservation" classname="com.aurora.music.data.SignalPathTest" time="0.0"/>
  <system-out><![CDATA[]]></system-out>
  <system-err><![CDATA[]]></system-err>
</testsuite>
