<?xml version="1.0" encoding="UTF-8"?>
<testsuite name="com.aurora.music.mix.AutoMixTest" tests="5" skipped="0" failures="0" errors="0" timestamp="2026-09-08T09:40:50" hostname="DESKTOP-A95H910" time="1.144">
  <properties/>
  <testcase name="arbitraryFftRoundTripsModelSizeWithoutChangingPhase" classname="com.aurora.music.mix.AutoMixTest" time="0.018"/>
  <testcase name="matchingIsRestrainedAndCanBeDisabled" classname="com.aurora.music.mix.AutoMixTest" time="0.028"/>
  <testcase name="spectrogramPreservesStereoAndTiming" classname="com.aurora.music.mix.AutoMixTest" time="1.058"/>
  <testcase name="unknownTempoDoesNotInventBeatSynchronizationAndLoudnessNeverBoosts" classname="com.aurora.music.mix.AutoMixTest" time="0.001"/>
  <testcase name="completeCollectionKeepsOrderAndRepeatedTracksWithOnlyTwoActiveLayers" classname="com.aurora.music.mix.AutoMixTest" time="0.039"/>
  <system-out><![CDATA[]]></system-out>
  <system-err><![CDATA[]]></system-err>
</testsuite>
